###############################################################################
#
# IAR ANSI C/C++ Compiler V7.40.3.8902/W32 for ARM        24/Apr/2016  20:13:19
# Copyright 1999-2015 IAR Systems AB.
#
#    Cpu mode     =  thumb
#    Endian       =  little
#    Source file  =  
#        C:\Users\Administrator\Desktop\Gold_Razor_A\lib\LPLD\HW\HW_NVIC.c
#    Command line =  
#        C:\Users\Administrator\Desktop\Gold_Razor_A\lib\LPLD\HW\HW_NVIC.c -D
#        LPLD_K60 -D USE_K60DZ10 -lCN
#        C:\Users\Administrator\Desktop\Gold_Razor_A\project\Gold_Razor_A\iar\FLASH\List\
#        -lB
#        C:\Users\Administrator\Desktop\Gold_Razor_A\project\Gold_Razor_A\iar\FLASH\List\
#        -o
#        C:\Users\Administrator\Desktop\Gold_Razor_A\project\Gold_Razor_A\iar\FLASH\Obj\
#        --no_cse --no_unroll --no_inline --no_code_motion --no_tbaa
#        --no_clustering --no_scheduling --debug --endian=little
#        --cpu=Cortex-M4 -e --fpu=None --dlib_config "D:\IAR EWARM\Program
#        Files (x86)\IAR Systems\Embedded Workbench
#        7.2\arm\INC\c\DLib_Config_Normal.h" -I
#        C:\Users\Administrator\Desktop\Gold_Razor_A\project\Gold_Razor_A\iar\..\app\
#        -I
#        C:\Users\Administrator\Desktop\Gold_Razor_A\project\Gold_Razor_A\iar\..\app\Source\
#        -I
#        C:\Users\Administrator\Desktop\Gold_Razor_A\project\Gold_Razor_A\iar\..\..\..\lib\CPU\
#        -I
#        C:\Users\Administrator\Desktop\Gold_Razor_A\project\Gold_Razor_A\iar\..\..\..\lib\common\
#        -I
#        C:\Users\Administrator\Desktop\Gold_Razor_A\project\Gold_Razor_A\iar\..\..\..\lib\LPLD\
#        -I
#        C:\Users\Administrator\Desktop\Gold_Razor_A\project\Gold_Razor_A\iar\..\..\..\lib\LPLD\HW\
#        -I
#        C:\Users\Administrator\Desktop\Gold_Razor_A\project\Gold_Razor_A\iar\..\..\..\lib\LPLD\DEV\
#        -I
#        C:\Users\Administrator\Desktop\Gold_Razor_A\project\Gold_Razor_A\iar\..\..\..\lib\LPLD\FUNC\
#        -I
#        C:\Users\Administrator\Desktop\Gold_Razor_A\project\Gold_Razor_A\iar\..\..\..\lib\uCOS-II\Ports\
#        -I
#        C:\Users\Administrator\Desktop\Gold_Razor_A\project\Gold_Razor_A\iar\..\..\..\lib\uCOS-II\Source\
#        -I
#        C:\Users\Administrator\Desktop\Gold_Razor_A\project\Gold_Razor_A\iar\..\..\..\lib\FatFs\
#        -I
#        C:\Users\Administrator\Desktop\Gold_Razor_A\project\Gold_Razor_A\iar\..\..\..\lib\FatFs\option\
#        -I
#        C:\Users\Administrator\Desktop\Gold_Razor_A\project\Gold_Razor_A\iar\..\..\..\lib\USB\common\
#        -I
#        C:\Users\Administrator\Desktop\Gold_Razor_A\project\Gold_Razor_A\iar\..\..\..\lib\USB\driver\
#        -I
#        C:\Users\Administrator\Desktop\Gold_Razor_A\project\Gold_Razor_A\iar\..\..\..\lib\USB\descriptor\
#        -I
#        C:\Users\Administrator\Desktop\Gold_Razor_A\project\Gold_Razor_A\iar\..\..\..\lib\USB\class\
#        -Ol -I "D:\IAR EWARM\Program Files (x86)\IAR Systems\Embedded
#        Workbench 7.2\arm\CMSIS\Include\" -D ARM_MATH_CM4
#    List file    =  
#        C:\Users\Administrator\Desktop\Gold_Razor_A\project\Gold_Razor_A\iar\FLASH\List\HW_NVIC.lst
#    Object file  =  
#        C:\Users\Administrator\Desktop\Gold_Razor_A\project\Gold_Razor_A\iar\FLASH\Obj\HW_NVIC.o
#
###############################################################################

C:\Users\Administrator\Desktop\Gold_Razor_A\lib\LPLD\HW\HW_NVIC.c
      1          /**
      2           * @file HW_NVIC.c
      3           * @version 3.02[By LPLD]
      4           * @date 2013-11-29
      5           * @brief 内核NVIC模块相关函数
      6           *
      7           * 更改建议:不建议修改
      8           *
      9           * 版权所有:北京拉普兰德电子技术有限公司
     10           * http://www.lpld.cn
     11           * mail:support@lpld.cn
     12           *
     13           * @par
     14           * 本代码由拉普兰德[LPLD]开发并维护，并向所有使用者开放源代码。
     15           * 开发者可以随意修使用或改源代码。但本段及以上注释应予以保留。
     16           * 不得更改或删除原版权所有者姓名，二次开发者可以加注二次版权所有者。
     17           * 但应在遵守此协议的基础上，开放源代码、不得出售代码本身。
     18           * 拉普兰德不负责由于使用本代码所带来的任何事故、法律责任或相关不良影响。
     19           * 拉普兰德无义务解释、说明本代码的具体原理、功能、实现方法。
     20           * 除非拉普兰德[LPLD]授权，开发者不得将本代码用于商业产品。
     21           */
     22          #include "HW_NVIC.h"

   \                                 In section .text, align 2, keep-with-next
   \   static __interwork __softfp void NVIC_SetPriorityGrouping(uint32_t)
   \                     NVIC_SetPriorityGrouping: (+1)
   \   00000000   0xF010 0x0107      ANDS     R1,R0,#0x7
   \   00000004   0x....             LDR.N    R0,??DataTable4  ;; 0xe000ed0c
   \   00000006   0x6800             LDR      R0,[R0, #+0]
   \   00000008   0xF64F 0x02FF      MOVW     R2,#+63743
   \   0000000C   0x4010             ANDS     R0,R2,R0
   \   0000000E   0x....             LDR.N    R2,??DataTable4_1  ;; 0x5fa0000
   \   00000010   0xEA52 0x2101      ORRS     R1,R2,R1, LSL #+8
   \   00000014   0x4308             ORRS     R0,R1,R0
   \   00000016   0x....             LDR.N    R1,??DataTable4  ;; 0xe000ed0c
   \   00000018   0x6008             STR      R0,[R1, #+0]
   \   0000001A   0x4770             BX       LR               ;; return

   \                                 In section .text, align 2, keep-with-next
   \   static __interwork __softfp void NVIC_EnableIRQ(IRQn_Type)
   \                     NVIC_EnableIRQ: (+1)
   \   00000000   0x2101             MOVS     R1,#+1
   \   00000002   0xF010 0x021F      ANDS     R2,R0,#0x1F
   \   00000006   0x4091             LSLS     R1,R1,R2
   \   00000008   0x....             LDR.N    R2,??DataTable4_2  ;; 0xe000e100
   \   0000000A   0xB240             SXTB     R0,R0            ;; SignExt  R0,R0,#+24,#+24
   \   0000000C   0x0940             LSRS     R0,R0,#+5
   \   0000000E   0xF842 0x1020      STR      R1,[R2, R0, LSL #+2]
   \   00000012   0x4770             BX       LR               ;; return

   \                                 In section .text, align 2, keep-with-next
   \   static __interwork __softfp void NVIC_DisableIRQ(IRQn_Type)
   \                     NVIC_DisableIRQ: (+1)
   \   00000000   0x2101             MOVS     R1,#+1
   \   00000002   0xF010 0x021F      ANDS     R2,R0,#0x1F
   \   00000006   0x4091             LSLS     R1,R1,R2
   \   00000008   0x....             LDR.N    R2,??DataTable4_3  ;; 0xe000e180
   \   0000000A   0xB240             SXTB     R0,R0            ;; SignExt  R0,R0,#+24,#+24
   \   0000000C   0x0940             LSRS     R0,R0,#+5
   \   0000000E   0xF842 0x1020      STR      R1,[R2, R0, LSL #+2]
   \   00000012   0x4770             BX       LR               ;; return

   \                                 In section .text, align 2, keep-with-next
   \   static __interwork __softfp void NVIC_SetPriority(IRQn_Type, uint32_t)
   \                     NVIC_SetPriority: (+1)
   \   00000000   0xB240             SXTB     R0,R0            ;; SignExt  R0,R0,#+24,#+24
   \   00000002   0x2800             CMP      R0,#+0
   \   00000004   0xD508             BPL.N    ??NVIC_SetPriority_0
   \   00000006   0x0109             LSLS     R1,R1,#+4
   \   00000008   0x....             LDR.N    R2,??DataTable4_4  ;; 0xe000ed18
   \   0000000A   0xB240             SXTB     R0,R0            ;; SignExt  R0,R0,#+24,#+24
   \   0000000C   0xF010 0x000F      ANDS     R0,R0,#0xF
   \   00000010   0x1880             ADDS     R0,R0,R2
   \   00000012   0xF800 0x1C04      STRB     R1,[R0, #-4]
   \   00000016   0xE003             B.N      ??NVIC_SetPriority_1
   \                     ??NVIC_SetPriority_0: (+1)
   \   00000018   0x0109             LSLS     R1,R1,#+4
   \   0000001A   0x....             LDR.N    R2,??DataTable4_5  ;; 0xe000e400
   \   0000001C   0xB240             SXTB     R0,R0            ;; SignExt  R0,R0,#+24,#+24
   \   0000001E   0x5481             STRB     R1,[R0, R2]
   \                     ??NVIC_SetPriority_1: (+1)
   \   00000020   0x4770             BX       LR               ;; return

   \                                 In section .text, align 2, keep-with-next
   \   static __interwork __softfp uint32_t NVIC_EncodePriority(uint32_t, uint32_t, uint32_t)
   \                     NVIC_EncodePriority: (+1)
   \   00000000   0xB410             PUSH     {R4}
   \   00000002   0xF010 0x0007      ANDS     R0,R0,#0x7
   \   00000006   0xF1D0 0x0307      RSBS     R3,R0,#+7
   \   0000000A   0x2B05             CMP      R3,#+5
   \   0000000C   0xD301             BCC.N    ??NVIC_EncodePriority_0
   \   0000000E   0x2304             MOVS     R3,#+4
   \   00000010   0xE001             B.N      ??NVIC_EncodePriority_1
   \                     ??NVIC_EncodePriority_0: (+1)
   \   00000012   0xF1D0 0x0307      RSBS     R3,R0,#+7
   \                     ??NVIC_EncodePriority_1: (+1)
   \   00000016   0x1D04             ADDS     R4,R0,#+4
   \   00000018   0x2C07             CMP      R4,#+7
   \   0000001A   0xD201             BCS.N    ??NVIC_EncodePriority_2
   \   0000001C   0x2000             MOVS     R0,#+0
   \   0000001E   0xE000             B.N      ??NVIC_EncodePriority_3
   \                     ??NVIC_EncodePriority_2: (+1)
   \   00000020   0x1EC0             SUBS     R0,R0,#+3
   \                     ??NVIC_EncodePriority_3: (+1)
   \   00000022   0x2401             MOVS     R4,#+1
   \   00000024   0xFA14 0xF303      LSLS     R3,R4,R3
   \   00000028   0x1E5B             SUBS     R3,R3,#+1
   \   0000002A   0x4019             ANDS     R1,R3,R1
   \   0000002C   0x4081             LSLS     R1,R1,R0
   \   0000002E   0x2301             MOVS     R3,#+1
   \   00000030   0xFA13 0xF000      LSLS     R0,R3,R0
   \   00000034   0x1E40             SUBS     R0,R0,#+1
   \   00000036   0x4010             ANDS     R0,R0,R2
   \   00000038   0x4308             ORRS     R0,R0,R1
   \   0000003A   0xBC10             POP      {R4}
   \   0000003C   0x4770             BX       LR               ;; return
     23          
     24          /*
     25           * LPLD_NVIC_Init
     26           *
     27           * 在该函数中配置IRQn_Type通道优先级，并根据需要在NVIC中使能IRQn_Type
     28           * 在函数中调用了core_m4.h中的NVIC函数管理M4内核的16个中断优先级
     29           * 16个中断优先级通过分组的形式进行管理，将NVIC中的优先级分为5组，NVIC_PriorityGroup_0 -- 5
     30           * 每组包含抢占式优先级（NVIC_IRQChannelPreemptionPriority）和响应式优先级（NVIC_IRQChannelSubPriority）
     31           *
     32           * 优先级仲裁:
     33           * >1 PreemptionPriority优先级高的才能抢占PreemptionPriority优先级低的中断异常;
     34           * (即NVIC_IRQChannelPreemptionPriority值越小优先级越高);
     35           * >2 PreemptionPriority优先级相同的中断异常之间不能相互抢占;
     36           * >3 如果PreemptionPriority优先级相等，再比较SubPriority响应优先级，SubPriority响应优先级值越小中断优先级越高;
     37           *
     38           * NVIC中的优先级分组划分见NVIC_InitTypeDef中的NVIC 中断分组
     39           * 
     40           * 参数:
     41           *    NVIC_InitStructure--NVIC初始化结构体，
     42           *                        具体定义见NVIC_InitTypeDef
     43           * 输出:
     44           *    0:配置失败
     45           *    1:配置成功
     46           *
     47          */

   \                                 In section .text, align 2, keep-with-next
     48          uint8 LPLD_NVIC_Init(NVIC_InitTypeDef NVIC_InitStructure)
     49          {
   \                     LPLD_NVIC_Init: (+1)
   \   00000000   0xB40F             PUSH     {R0-R3}
   \   00000002   0xE92D 0x43F8      PUSH     {R3-R9,LR}
     50            uint8  request = 1;
   \   00000006   0x2401             MOVS     R4,#+1
     51            IRQn_Type int_id = NVIC_InitStructure.NVIC_IRQChannel;
   \   00000008   0xF99D 0x5020      LDRSB    R5,[SP, #+32]
     52            uint32 nvic_priority_group = NVIC_InitStructure.NVIC_IRQChannelGroupPriority; 
   \   0000000C   0x9E09             LDR      R6,[SP, #+36]
     53            uint32 nvic_preemption_priority = NVIC_InitStructure.NVIC_IRQChannelPreemptionPriority;
   \   0000000E   0x9F0A             LDR      R7,[SP, #+40]
     54            uint32 nvic_sub_priority = NVIC_InitStructure.NVIC_IRQChannelSubPriority;
   \   00000010   0xF8DD 0x802C      LDR      R8,[SP, #+44]
     55            boolean status = NVIC_InitStructure.NVIC_IRQChannelEnable;
   \   00000014   0xF89D 0x9030      LDRB     R9,[SP, #+48]
     56            uint32 temp;
     57            //参数检查
     58            ASSERT(IS_NVIC_PRIORITY_GROUP(nvic_priority_group));
   \   00000018   0x2E07             CMP      R6,#+7
   \   0000001A   0xD00B             BEQ.N    ??LPLD_NVIC_Init_0
   \   0000001C   0x2E06             CMP      R6,#+6
   \   0000001E   0xD009             BEQ.N    ??LPLD_NVIC_Init_0
   \   00000020   0x2E05             CMP      R6,#+5
   \   00000022   0xD007             BEQ.N    ??LPLD_NVIC_Init_0
   \   00000024   0x2E04             CMP      R6,#+4
   \   00000026   0xD005             BEQ.N    ??LPLD_NVIC_Init_0
   \   00000028   0x2E03             CMP      R6,#+3
   \   0000002A   0xD003             BEQ.N    ??LPLD_NVIC_Init_0
   \   0000002C   0x213A             MOVS     R1,#+58
   \   0000002E   0x....             LDR.N    R0,??DataTable4_6
   \   00000030   0x.... 0x....      BL       assert_failed
     59            ASSERT(IS_NVIC_PREEMPTION_PRIORITY(nvic_preemption_priority));
   \                     ??LPLD_NVIC_Init_0: (+1)
   \   00000034   0x2F10             CMP      R7,#+16
   \   00000036   0xD303             BCC.N    ??LPLD_NVIC_Init_1
   \   00000038   0x213B             MOVS     R1,#+59
   \   0000003A   0x....             LDR.N    R0,??DataTable4_6
   \   0000003C   0x.... 0x....      BL       assert_failed
     60            ASSERT(IS_NVIC_SUB_PRIORITY(nvic_sub_priority));
   \                     ??LPLD_NVIC_Init_1: (+1)
   \   00000040   0xF1B8 0x0F10      CMP      R8,#+16
   \   00000044   0xD303             BCC.N    ??LPLD_NVIC_Init_2
   \   00000046   0x213C             MOVS     R1,#+60
   \   00000048   0x....             LDR.N    R0,??DataTable4_6
   \   0000004A   0x.... 0x....      BL       assert_failed
     61            //根据 NVIC中断分组 配置抢占优先级
     62            switch(nvic_priority_group)
   \                     ??LPLD_NVIC_Init_2: (+1)
   \   0000004E   0x2E03             CMP      R6,#+3
   \   00000050   0xD042             BEQ.N    ??LPLD_NVIC_Init_3
   \   00000052   0xD34B             BCC.N    ??LPLD_NVIC_Init_4
   \   00000054   0x2E05             CMP      R6,#+5
   \   00000056   0xD02B             BEQ.N    ??LPLD_NVIC_Init_5
   \   00000058   0xD334             BCC.N    ??LPLD_NVIC_Init_6
   \   0000005A   0x2E07             CMP      R6,#+7
   \   0000005C   0xD001             BEQ.N    ??LPLD_NVIC_Init_7
   \   0000005E   0xD31D             BCC.N    ??LPLD_NVIC_Init_8
   \   00000060   0xE044             B.N      ??LPLD_NVIC_Init_4
     63            {
     64                case NVIC_PriorityGroup_0: NVIC_SetPriorityGrouping(NVIC_PriorityGroup_0);
   \                     ??LPLD_NVIC_Init_7: (+1)
   \   00000062   0x2007             MOVS     R0,#+7
   \   00000064   0x.... 0x....      BL       NVIC_SetPriorityGrouping
     65                        if(nvic_preemption_priority > 0 || nvic_sub_priority >15)
   \   00000068   0x2F00             CMP      R7,#+0
   \   0000006A   0xD102             BNE.N    ??LPLD_NVIC_Init_9
   \   0000006C   0xF1B8 0x0F10      CMP      R8,#+16
   \   00000070   0xD300             BCC.N    ??LPLD_NVIC_Init_10
     66                          request = 0;
   \                     ??LPLD_NVIC_Init_9: (+1)
   \   00000072   0x2400             MOVS     R4,#+0
     67                        break;
     68                case NVIC_PriorityGroup_1: NVIC_SetPriorityGrouping(NVIC_PriorityGroup_1);
     69                        if(nvic_preemption_priority > 1 || nvic_sub_priority >7)
     70                          request = 0;
     71                        break;
     72                case NVIC_PriorityGroup_2: NVIC_SetPriorityGrouping(NVIC_PriorityGroup_2);
     73                        if(nvic_preemption_priority > 3 || nvic_sub_priority >3)
     74                          request = 0;
     75                        break;
     76                case NVIC_PriorityGroup_3: NVIC_SetPriorityGrouping(NVIC_PriorityGroup_3);
     77                        if(nvic_preemption_priority > 7 || nvic_sub_priority >1)
     78                          request = 0;
     79                        break;
     80                case NVIC_PriorityGroup_4: NVIC_SetPriorityGrouping(NVIC_PriorityGroup_4);
     81                        if(nvic_preemption_priority > 15 || nvic_sub_priority >0)
     82                          request = 0;
     83                        break;
     84                default:return 0;
     85            }
     86            //根据中断分抢占设置中断抢占优先级
     87            //根据中断分抢占设置中断响应优先级
     88            temp = NVIC_EncodePriority(nvic_priority_group,\
     89                                       nvic_preemption_priority,\
     90                                       nvic_sub_priority);
   \                     ??LPLD_NVIC_Init_10: (+1)
   \                     ??LPLD_NVIC_Init_11: (+1)
   \   00000074   0x4642             MOV      R2,R8
   \   00000076   0x0039             MOVS     R1,R7
   \   00000078   0x0030             MOVS     R0,R6
   \   0000007A   0x.... 0x....      BL       NVIC_EncodePriority
   \   0000007E   0x0001             MOVS     R1,R0
     91            //设置中断向量号,并在M4内核中设置NVIC优先级
     92            NVIC_SetPriority(int_id,temp);
   \   00000080   0x0028             MOVS     R0,R5
   \   00000082   0xB240             SXTB     R0,R0            ;; SignExt  R0,R0,#+24,#+24
   \   00000084   0x.... 0x....      BL       NVIC_SetPriority
     93            
     94            if(status == TRUE)
   \   00000088   0xFA5F 0xF989      UXTB     R9,R9            ;; ZeroExt  R9,R9,#+24,#+24
   \   0000008C   0xF1B9 0x0F01      CMP      R9,#+1
   \   00000090   0xD12E             BNE.N    ??LPLD_NVIC_Init_12
     95            {
     96              NVIC_EnableIRQ(int_id);
   \   00000092   0x0028             MOVS     R0,R5
   \   00000094   0xB240             SXTB     R0,R0            ;; SignExt  R0,R0,#+24,#+24
   \   00000096   0x.... 0x....      BL       NVIC_EnableIRQ
   \   0000009A   0xE02D             B.N      ??LPLD_NVIC_Init_13
     97            }
   \                     ??LPLD_NVIC_Init_8: (+1)
   \   0000009C   0x2006             MOVS     R0,#+6
   \   0000009E   0x.... 0x....      BL       NVIC_SetPriorityGrouping
   \   000000A2   0x2F02             CMP      R7,#+2
   \   000000A4   0xD202             BCS.N    ??LPLD_NVIC_Init_14
   \   000000A6   0xF1B8 0x0F08      CMP      R8,#+8
   \   000000AA   0xD300             BCC.N    ??LPLD_NVIC_Init_15
   \                     ??LPLD_NVIC_Init_14: (+1)
   \   000000AC   0x2400             MOVS     R4,#+0
   \                     ??LPLD_NVIC_Init_15: (+1)
   \   000000AE   0xE7E1             B.N      ??LPLD_NVIC_Init_11
   \                     ??LPLD_NVIC_Init_5: (+1)
   \   000000B0   0x2005             MOVS     R0,#+5
   \   000000B2   0x.... 0x....      BL       NVIC_SetPriorityGrouping
   \   000000B6   0x2F04             CMP      R7,#+4
   \   000000B8   0xD202             BCS.N    ??LPLD_NVIC_Init_16
   \   000000BA   0xF1B8 0x0F04      CMP      R8,#+4
   \   000000BE   0xD300             BCC.N    ??LPLD_NVIC_Init_17
   \                     ??LPLD_NVIC_Init_16: (+1)
   \   000000C0   0x2400             MOVS     R4,#+0
   \                     ??LPLD_NVIC_Init_17: (+1)
   \   000000C2   0xE7D7             B.N      ??LPLD_NVIC_Init_11
   \                     ??LPLD_NVIC_Init_6: (+1)
   \   000000C4   0x2004             MOVS     R0,#+4
   \   000000C6   0x.... 0x....      BL       NVIC_SetPriorityGrouping
   \   000000CA   0x2F08             CMP      R7,#+8
   \   000000CC   0xD202             BCS.N    ??LPLD_NVIC_Init_18
   \   000000CE   0xF1B8 0x0F02      CMP      R8,#+2
   \   000000D2   0xD300             BCC.N    ??LPLD_NVIC_Init_19
   \                     ??LPLD_NVIC_Init_18: (+1)
   \   000000D4   0x2400             MOVS     R4,#+0
   \                     ??LPLD_NVIC_Init_19: (+1)
   \   000000D6   0xE7CD             B.N      ??LPLD_NVIC_Init_11
   \                     ??LPLD_NVIC_Init_3: (+1)
   \   000000D8   0x2003             MOVS     R0,#+3
   \   000000DA   0x.... 0x....      BL       NVIC_SetPriorityGrouping
   \   000000DE   0x2F10             CMP      R7,#+16
   \   000000E0   0xD202             BCS.N    ??LPLD_NVIC_Init_20
   \   000000E2   0xF1B8 0x0F00      CMP      R8,#+0
   \   000000E6   0xD000             BEQ.N    ??LPLD_NVIC_Init_21
   \                     ??LPLD_NVIC_Init_20: (+1)
   \   000000E8   0x2400             MOVS     R4,#+0
   \                     ??LPLD_NVIC_Init_21: (+1)
   \   000000EA   0xE7C3             B.N      ??LPLD_NVIC_Init_11
   \                     ??LPLD_NVIC_Init_4: (+1)
   \   000000EC   0x2000             MOVS     R0,#+0
   \   000000EE   0xE005             B.N      ??LPLD_NVIC_Init_22
     98            else
     99            {
    100              NVIC_DisableIRQ(int_id);
   \                     ??LPLD_NVIC_Init_12: (+1)
   \   000000F0   0x0028             MOVS     R0,R5
   \   000000F2   0xB240             SXTB     R0,R0            ;; SignExt  R0,R0,#+24,#+24
   \   000000F4   0x.... 0x....      BL       NVIC_DisableIRQ
    101            }
    102            return request;
   \                     ??LPLD_NVIC_Init_13: (+1)
   \   000000F8   0x0020             MOVS     R0,R4
   \   000000FA   0xB2C0             UXTB     R0,R0            ;; ZeroExt  R0,R0,#+24,#+24
   \                     ??LPLD_NVIC_Init_22: (+1)
   \   000000FC   0xE8BD 0x03F2      POP      {R1,R4-R9}
   \   00000100   0xF85D 0xFB14      LDR      PC,[SP], #+20    ;; return
    103          }

   \                                 In section .text, align 4, keep-with-next
   \                     ??DataTable4:
   \   00000000   0xE000ED0C         DC32     0xe000ed0c

   \                                 In section .text, align 4, keep-with-next
   \                     ??DataTable4_1:
   \   00000000   0x05FA0000         DC32     0x5fa0000

   \                                 In section .text, align 4, keep-with-next
   \                     ??DataTable4_2:
   \   00000000   0xE000E100         DC32     0xe000e100

   \                                 In section .text, align 4, keep-with-next
   \                     ??DataTable4_3:
   \   00000000   0xE000E180         DC32     0xe000e180

   \                                 In section .text, align 4, keep-with-next
   \                     ??DataTable4_4:
   \   00000000   0xE000ED18         DC32     0xe000ed18

   \                                 In section .text, align 4, keep-with-next
   \                     ??DataTable4_5:
   \   00000000   0xE000E400         DC32     0xe000e400

   \                                 In section .text, align 4, keep-with-next
   \                     ??DataTable4_6:
   \   00000000   0x........         DC32     ?_0

   \                                 In section .rodata, align 4
   \                     ?_0:
   \   00000000   0x43 0x3A          DC8 43H, 3AH, 5CH, 55H, 73H, 65H, 72H, 73H
   \              0x5C 0x55    
   \              0x73 0x65    
   \              0x72 0x73    
   \   00000008   0x5C 0x41          DC8 5CH, 41H, 64H, 6DH, 69H, 6EH, 69H, 73H
   \              0x64 0x6D    
   \              0x69 0x6E    
   \              0x69 0x73    
   \   00000010   0x74 0x72          DC8 74H, 72H, 61H, 74H, 6FH, 72H, 5CH, 44H
   \              0x61 0x74    
   \              0x6F 0x72    
   \              0x5C 0x44    
   \   00000018   0x65 0x73          DC8 65H, 73H, 6BH, 74H, 6FH, 70H, 5CH, 47H
   \              0x6B 0x74    
   \              0x6F 0x70    
   \              0x5C 0x47    
   \   00000020   0x6F 0x6C          DC8 6FH, 6CH, 64H, 5FH, 52H, 61H, 7AH, 6FH
   \              0x64 0x5F    
   \              0x52 0x61    
   \              0x7A 0x6F    
   \   00000028   0x72 0x5F          DC8 72H, 5FH, 41H, 5CH, 6CH, 69H, 62H, 5CH
   \              0x41 0x5C    
   \              0x6C 0x69    
   \              0x62 0x5C    
   \   00000030   0x4C 0x50          DC8 4CH, 50H, 4CH, 44H, 5CH, 48H, 57H, 5CH
   \              0x4C 0x44    
   \              0x5C 0x48    
   \              0x57 0x5C    
   \   00000038   0x48 0x57          DC8 48H, 57H, 5FH, 4EH, 56H, 49H, 43H, 2EH
   \              0x5F 0x4E    
   \              0x56 0x49    
   \              0x43 0x2E    
   \   00000040   0x63 0x00          DC8 63H, 0
   \   00000042   0x00 0x00          DC8 0, 0

   Maximum stack usage in bytes:

   .cstack Function
   ------- --------
      48   LPLD_NVIC_Init
        48   -> NVIC_DisableIRQ
        48   -> NVIC_EnableIRQ
        48   -> NVIC_EncodePriority
        48   -> NVIC_SetPriority
        48   -> NVIC_SetPriorityGrouping
        48   -> assert_failed
       0   NVIC_DisableIRQ
       0   NVIC_EnableIRQ
       4   NVIC_EncodePriority
       0   NVIC_SetPriority
       0   NVIC_SetPriorityGrouping


   Section sizes:

   Bytes  Function/Label
   -----  --------------
       4  ??DataTable4
       4  ??DataTable4_1
       4  ??DataTable4_2
       4  ??DataTable4_3
       4  ??DataTable4_4
       4  ??DataTable4_5
       4  ??DataTable4_6
      68  ?_0
     260  LPLD_NVIC_Init
      20  NVIC_DisableIRQ
      20  NVIC_EnableIRQ
      62  NVIC_EncodePriority
      34  NVIC_SetPriority
      28  NVIC_SetPriorityGrouping

 
  68 bytes in section .rodata
 452 bytes in section .text
 
 452 bytes of CODE  memory
  68 bytes of CONST memory

Errors: none
Warnings: none
