###############################################################################
#
# IAR ANSI C/C++ Compiler V7.40.3.8902/W32 for ARM        23/Mar/2016  11:18:28
# Copyright 1999-2015 IAR Systems AB.
#
#    Cpu mode     =  thumb
#    Endian       =  little
#    Source file  =  
#        C:\Users\Administrator\Desktop\Gold_Razor\project\Gold_Razor\app\Source\GPIO_init.c
#    Command line =  
#        C:\Users\Administrator\Desktop\Gold_Razor\project\Gold_Razor\app\Source\GPIO_init.c
#        -D LPLD_K60 -D USE_K60DZ10 -lCN
#        C:\Users\Administrator\Desktop\Gold_Razor\project\Gold_Razor\iar\FLASH\List\
#        -lB
#        C:\Users\Administrator\Desktop\Gold_Razor\project\Gold_Razor\iar\FLASH\List\
#        -o
#        C:\Users\Administrator\Desktop\Gold_Razor\project\Gold_Razor\iar\FLASH\Obj\
#        --no_cse --no_unroll --no_inline --no_code_motion --no_tbaa
#        --no_clustering --no_scheduling --debug --endian=little
#        --cpu=Cortex-M4 -e --fpu=None --dlib_config "D:\IAR EWARM\Program
#        Files (x86)\IAR Systems\Embedded Workbench
#        7.2\arm\INC\c\DLib_Config_Normal.h" -I
#        C:\Users\Administrator\Desktop\Gold_Razor\project\Gold_Razor\iar\..\app\
#        -I
#        C:\Users\Administrator\Desktop\Gold_Razor\project\Gold_Razor\iar\..\app\Source\
#        -I
#        C:\Users\Administrator\Desktop\Gold_Razor\project\Gold_Razor\iar\..\..\..\lib\CPU\
#        -I
#        C:\Users\Administrator\Desktop\Gold_Razor\project\Gold_Razor\iar\..\..\..\lib\common\
#        -I
#        C:\Users\Administrator\Desktop\Gold_Razor\project\Gold_Razor\iar\..\..\..\lib\LPLD\
#        -I
#        C:\Users\Administrator\Desktop\Gold_Razor\project\Gold_Razor\iar\..\..\..\lib\LPLD\HW\
#        -I
#        C:\Users\Administrator\Desktop\Gold_Razor\project\Gold_Razor\iar\..\..\..\lib\LPLD\DEV\
#        -I
#        C:\Users\Administrator\Desktop\Gold_Razor\project\Gold_Razor\iar\..\..\..\lib\LPLD\FUNC\
#        -I
#        C:\Users\Administrator\Desktop\Gold_Razor\project\Gold_Razor\iar\..\..\..\lib\uCOS-II\Ports\
#        -I
#        C:\Users\Administrator\Desktop\Gold_Razor\project\Gold_Razor\iar\..\..\..\lib\uCOS-II\Source\
#        -I
#        C:\Users\Administrator\Desktop\Gold_Razor\project\Gold_Razor\iar\..\..\..\lib\FatFs\
#        -I
#        C:\Users\Administrator\Desktop\Gold_Razor\project\Gold_Razor\iar\..\..\..\lib\FatFs\option\
#        -I
#        C:\Users\Administrator\Desktop\Gold_Razor\project\Gold_Razor\iar\..\..\..\lib\USB\common\
#        -I
#        C:\Users\Administrator\Desktop\Gold_Razor\project\Gold_Razor\iar\..\..\..\lib\USB\driver\
#        -I
#        C:\Users\Administrator\Desktop\Gold_Razor\project\Gold_Razor\iar\..\..\..\lib\USB\descriptor\
#        -I
#        C:\Users\Administrator\Desktop\Gold_Razor\project\Gold_Razor\iar\..\..\..\lib\USB\class\
#        -Ol -I "D:\IAR EWARM\Program Files (x86)\IAR Systems\Embedded
#        Workbench 7.2\arm\CMSIS\Include\" -D ARM_MATH_CM4
#    List file    =  
#        C:\Users\Administrator\Desktop\Gold_Razor\project\Gold_Razor\iar\FLASH\List\GPIO_init.lst
#    Object file  =  
#        C:\Users\Administrator\Desktop\Gold_Razor\project\Gold_Razor\iar\FLASH\Obj\GPIO_init.o
#
###############################################################################

C:\Users\Administrator\Desktop\Gold_Razor\project\Gold_Razor\app\Source\GPIO_init.c
      1          #include "GPIO_init.h"
      2          
      3          
      4          

   \                                 In section .bss, align 4
      5          GPIO_InitTypeDef gpioa_init_struct;
   \                     gpioa_init_struct:
   \   00000000                      DS8 20

   \                                 In section .bss, align 4
      6          GPIO_InitTypeDef gpioe_init_struct;
   \                     gpioe_init_struct:
   \   00000000                      DS8 20

   \                                 In section .bss, align 4
      7          GPIO_InitTypeDef keyC_init_struct;
   \                     keyC_init_struct:
   \   00000000                      DS8 20

   \                                 In section .bss, align 4
      8          GPIO_InitTypeDef keyD_init_struct;
   \                     keyD_init_struct:
   \   00000000                      DS8 20
      9          

   \                                 In section .text, align 4, keep-with-next
     10          void GPIO_init(void)
     11          {
   \                     GPIO_init: (+1)
   \   00000000   0xB580             PUSH     {R7,LR}
     12          //--------------------K60_LED-------------------
     13            gpioa_init_struct.GPIO_PTx = PTA;
   \   00000002   0x482F             LDR.N    R0,??GPIO_init_0  ;; 0x400ff000
   \   00000004   0x492F             LDR.N    R1,??GPIO_init_0+0x4
   \   00000006   0x6008             STR      R0,[R1, #+0]
     14            gpioa_init_struct.GPIO_Pins = GPIO_Pin17;
   \   00000008   0xF45F 0x3000      MOVS     R0,#+131072
   \   0000000C   0x492D             LDR.N    R1,??GPIO_init_0+0x4
   \   0000000E   0x6048             STR      R0,[R1, #+4]
     15            gpioa_init_struct.GPIO_Dir = DIR_OUTPUT;
   \   00000010   0x2001             MOVS     R0,#+1
   \   00000012   0x492C             LDR.N    R1,??GPIO_init_0+0x4
   \   00000014   0x7308             STRB     R0,[R1, #+12]
     16            gpioa_init_struct.GPIO_Output = OUTPUT_H;
   \   00000016   0x2001             MOVS     R0,#+1
   \   00000018   0x492A             LDR.N    R1,??GPIO_init_0+0x4
   \   0000001A   0x7348             STRB     R0,[R1, #+13]
     17            gpioa_init_struct.GPIO_PinControl = IRQC_DIS;
   \   0000001C   0x2000             MOVS     R0,#+0
   \   0000001E   0x4929             LDR.N    R1,??GPIO_init_0+0x4
   \   00000020   0x6088             STR      R0,[R1, #+8]
     18            LPLD_GPIO_Init(gpioa_init_struct);
   \   00000022   0x4928             LDR.N    R1,??GPIO_init_0+0x4
   \   00000024   0xB084             SUB      SP,SP,#+16
   \   00000026   0x4668             MOV      R0,SP
   \   00000028   0x2214             MOVS     R2,#+20
   \   0000002A   0x.... 0x....      BL       __aeabi_memcpy4
   \   0000002E   0xBC0F             POP      {R0-R3}
   \   00000030   0x.... 0x....      BL       LPLD_GPIO_Init
     19          //---------------------Razor_LED----------------
     20            gpioe_init_struct.GPIO_PTx = PTE;
   \   00000034   0x4824             LDR.N    R0,??GPIO_init_0+0x8  ;; 0x400ff100
   \   00000036   0x4925             LDR.N    R1,??GPIO_init_0+0xC
   \   00000038   0x6008             STR      R0,[R1, #+0]
     21            gpioe_init_struct.GPIO_Pins = GPIO_Pin10;
   \   0000003A   0xF44F 0x6080      MOV      R0,#+1024
   \   0000003E   0x4923             LDR.N    R1,??GPIO_init_0+0xC
   \   00000040   0x6048             STR      R0,[R1, #+4]
     22            gpioe_init_struct.GPIO_Dir = DIR_OUTPUT;
   \   00000042   0x2001             MOVS     R0,#+1
   \   00000044   0x4921             LDR.N    R1,??GPIO_init_0+0xC
   \   00000046   0x7308             STRB     R0,[R1, #+12]
     23            gpioe_init_struct.GPIO_Output = OUTPUT_L;
   \   00000048   0x2000             MOVS     R0,#+0
   \   0000004A   0x4920             LDR.N    R1,??GPIO_init_0+0xC
   \   0000004C   0x7348             STRB     R0,[R1, #+13]
     24            gpioe_init_struct.GPIO_PinControl = IRQC_DIS;
   \   0000004E   0x2000             MOVS     R0,#+0
   \   00000050   0x491E             LDR.N    R1,??GPIO_init_0+0xC
   \   00000052   0x6088             STR      R0,[R1, #+8]
     25            LPLD_GPIO_Init(gpioe_init_struct);
   \   00000054   0x491D             LDR.N    R1,??GPIO_init_0+0xC
   \   00000056   0xB084             SUB      SP,SP,#+16
   \   00000058   0x4668             MOV      R0,SP
   \   0000005A   0x2214             MOVS     R2,#+20
   \   0000005C   0x.... 0x....      BL       __aeabi_memcpy4
   \   00000060   0xBC0F             POP      {R0-R3}
   \   00000062   0x.... 0x....      BL       LPLD_GPIO_Init
     26          //---------------------Razor_Key-------------------
     27            keyC_init_struct.GPIO_PTx = PTC;
   \   00000066   0x481A             LDR.N    R0,??GPIO_init_0+0x10  ;; 0x400ff080
   \   00000068   0x491A             LDR.N    R1,??GPIO_init_0+0x14
   \   0000006A   0x6008             STR      R0,[R1, #+0]
     28            keyC_init_struct.GPIO_Pins = GPIO_Pin14 | GPIO_Pin15;
   \   0000006C   0xF44F 0x4040      MOV      R0,#+49152
   \   00000070   0x4918             LDR.N    R1,??GPIO_init_0+0x14
   \   00000072   0x6048             STR      R0,[R1, #+4]
     29            keyC_init_struct.GPIO_Dir = DIR_INPUT;
   \   00000074   0x2000             MOVS     R0,#+0
   \   00000076   0x4917             LDR.N    R1,??GPIO_init_0+0x14
   \   00000078   0x7308             STRB     R0,[R1, #+12]
     30            //keyC_init_struct.GPIO_Output = INPUT_PULL_UP;
     31            keyC_init_struct.GPIO_PinControl = INPUT_PULL_UP;
   \   0000007A   0x2003             MOVS     R0,#+3
   \   0000007C   0x4915             LDR.N    R1,??GPIO_init_0+0x14
   \   0000007E   0x6088             STR      R0,[R1, #+8]
     32            LPLD_GPIO_Init(keyC_init_struct);
   \   00000080   0x4914             LDR.N    R1,??GPIO_init_0+0x14
   \   00000082   0xB084             SUB      SP,SP,#+16
   \   00000084   0x4668             MOV      R0,SP
   \   00000086   0x2214             MOVS     R2,#+20
   \   00000088   0x.... 0x....      BL       __aeabi_memcpy4
   \   0000008C   0xBC0F             POP      {R0-R3}
   \   0000008E   0x.... 0x....      BL       LPLD_GPIO_Init
     33          
     34            keyD_init_struct.GPIO_PTx = PTD;
   \   00000092   0x4811             LDR.N    R0,??GPIO_init_0+0x18  ;; 0x400ff0c0
   \   00000094   0x4911             LDR.N    R1,??GPIO_init_0+0x1C
   \   00000096   0x6008             STR      R0,[R1, #+0]
     35            keyD_init_struct.GPIO_Pins = GPIO_Pin10 | GPIO_Pin11 | GPIO_Pin12 | GPIO_Pin13;
   \   00000098   0xF44F 0x5070      MOV      R0,#+15360
   \   0000009C   0x490F             LDR.N    R1,??GPIO_init_0+0x1C
   \   0000009E   0x6048             STR      R0,[R1, #+4]
     36            keyD_init_struct.GPIO_Dir = DIR_INPUT;
   \   000000A0   0x2000             MOVS     R0,#+0
   \   000000A2   0x490E             LDR.N    R1,??GPIO_init_0+0x1C
   \   000000A4   0x7308             STRB     R0,[R1, #+12]
     37            //keyD_init_struct.GPIO_Output = INPUT_PULL_UP;
     38            keyD_init_struct.GPIO_PinControl = INPUT_PULL_UP;
   \   000000A6   0x2003             MOVS     R0,#+3
   \   000000A8   0x490C             LDR.N    R1,??GPIO_init_0+0x1C
   \   000000AA   0x6088             STR      R0,[R1, #+8]
     39            LPLD_GPIO_Init(keyD_init_struct);
   \   000000AC   0x490B             LDR.N    R1,??GPIO_init_0+0x1C
   \   000000AE   0xB084             SUB      SP,SP,#+16
   \   000000B0   0x4668             MOV      R0,SP
   \   000000B2   0x2214             MOVS     R2,#+20
   \   000000B4   0x.... 0x....      BL       __aeabi_memcpy4
   \   000000B8   0xBC0F             POP      {R0-R3}
   \   000000BA   0x.... 0x....      BL       LPLD_GPIO_Init
     40          }
   \   000000BE   0xBD01             POP      {R0,PC}          ;; return
   \                     ??GPIO_init_0:
   \   000000C0   0x400FF000         DC32     0x400ff000
   \   000000C4   0x........         DC32     gpioa_init_struct
   \   000000C8   0x400FF100         DC32     0x400ff100
   \   000000CC   0x........         DC32     gpioe_init_struct
   \   000000D0   0x400FF080         DC32     0x400ff080
   \   000000D4   0x........         DC32     keyC_init_struct
   \   000000D8   0x400FF0C0         DC32     0x400ff0c0
   \   000000DC   0x........         DC32     keyD_init_struct

   Maximum stack usage in bytes:

   .cstack Function
   ------- --------
      24   GPIO_init
         8   -> LPLD_GPIO_Init
        24   -> __aeabi_memcpy4


   Section sizes:

   Bytes  Function/Label
   -----  --------------
     224  GPIO_init
      20  gpioa_init_struct
      20  gpioe_init_struct
      20  keyC_init_struct
      20  keyD_init_struct

 
  80 bytes in section .bss
 224 bytes in section .text
 
 224 bytes of CODE memory
  80 bytes of DATA memory

Errors: none
Warnings: none
